  [1m[35m (452.0ms)[0m  [1m[35mCREATE DATABASE "MusicApp_development" ENCODING = 'unicode'[0m
  [1m[35m (143.0ms)[0m  [1m[35mCREATE DATABASE "MusicApp_test" ENCODING = 'unicode'[0m
  [1m[35m (10.1ms)[0m  [1m[35mCREATE TABLE "schema_migrations" ("version" character varying NOT NULL PRIMARY KEY)[0m
  [1m[35m (3.3ms)[0m  [1m[35mCREATE TABLE "ar_internal_metadata" ("key" character varying NOT NULL PRIMARY KEY, "value" character varying, "created_at" timestamp(6) NOT NULL, "updated_at" timestamp(6) NOT NULL)[0m
  [1m[35m (0.6ms)[0m  [1m[34mSELECT pg_try_advisory_lock(1555902080779534005)[0m
  [1m[36mActiveRecord::SchemaMigration Pluck (0.6ms)[0m  [1m[34mSELECT "schema_migrations"."version" FROM "schema_migrations" ORDER BY "schema_migrations"."version" ASC[0m
Migrating to CreateUsers (20221115190057)
  [1m[36mTRANSACTION (0.2ms)[0m  [1m[35mBEGIN[0m
  [1m[35m (5.4ms)[0m  [1m[35mCREATE TABLE "users" ("id" bigserial primary key, "email" character varying NOT NULL, "password_digest" character varying NOT NULL, "session_token" character varying NOT NULL, "created_at" timestamp(6) NOT NULL, "updated_at" timestamp(6) NOT NULL)[0m
  [1m[35m (1.5ms)[0m  [1m[35mCREATE INDEX "index_users_on_email" ON "users" ("email")[0m
  [1m[35m (1.4ms)[0m  [1m[35mCREATE INDEX "index_users_on_session_token" ON "users" ("session_token")[0m
  [1m[36mActiveRecord::SchemaMigration Create (0.7ms)[0m  [1m[32mINSERT INTO "schema_migrations" ("version") VALUES ($1) RETURNING "version"[0m  [["version", "20221115190057"]]
  [1m[36mTRANSACTION (6.4ms)[0m  [1m[35mCOMMIT[0m
  [1m[36mActiveRecord::InternalMetadata Load (0.5ms)[0m  [1m[34mSELECT "ar_internal_metadata".* FROM "ar_internal_metadata" WHERE "ar_internal_metadata"."key" = $1 LIMIT $2[0m  [["key", "environment"], ["LIMIT", 1]]
  [1m[36mTRANSACTION (0.2ms)[0m  [1m[35mBEGIN[0m
  [1m[36mActiveRecord::InternalMetadata Create (2.6ms)[0m  [1m[32mINSERT INTO "ar_internal_metadata" ("key", "value", "created_at", "updated_at") VALUES ($1, $2, $3, $4) RETURNING "key"[0m  [["key", "environment"], ["value", "development"], ["created_at", "2022-11-15 19:04:54.574208"], ["updated_at", "2022-11-15 19:04:54.574208"]]
  [1m[36mTRANSACTION (0.5ms)[0m  [1m[35mCOMMIT[0m
  [1m[35m (0.4ms)[0m  [1m[34mSELECT pg_advisory_unlock(1555902080779534005)[0m
  [1m[36mActiveRecord::SchemaMigration Pluck (1.4ms)[0m  [1m[34mSELECT "schema_migrations"."version" FROM "schema_migrations" ORDER BY "schema_migrations"."version" ASC[0m
Started GET "/" for ::1 at 2022-11-15 14:18:01 -0800
  [1m[36mActiveRecord::SchemaMigration Pluck (0.8ms)[0m  [1m[34mSELECT "schema_migrations"."version" FROM "schema_migrations" ORDER BY "schema_migrations"."version" ASC[0m
Processing by Rails::WelcomeController#index as HTML
  Rendering /Users/appacademy/.rbenv/versions/3.1.1/lib/ruby/gems/3.1.0/gems/railties-7.0.4/lib/rails/templates/rails/welcome/index.html.erb
  Rendered /Users/appacademy/.rbenv/versions/3.1.1/lib/ruby/gems/3.1.0/gems/railties-7.0.4/lib/rails/templates/rails/welcome/index.html.erb (Duration: 3.8ms | Allocations: 582)
Completed 200 OK in 32ms (Views: 15.0ms | ActiveRecord: 0.0ms | Allocations: 3092)


Started GET "/users/new" for ::1 at 2022-11-15 14:18:21 -0800
  
SyntaxError (/Users/appacademy/Documents/W7D2/MusicApp/app/controllers/users_controller.rb:6: syntax error, unexpected ':', expecting `end'
        render: new
              ^
):
  
app/controllers/users_controller.rb:6: syntax error, unexpected ':', expecting `end'
app/controllers/users_controller.rb:6: syntax error, unexpected ':', expecting `end'
Started GET "/users/new" for ::1 at 2022-11-15 14:18:37 -0800
  
SyntaxError (/Users/appacademy/Documents/W7D2/MusicApp/app/controllers/application_controller.rb:5: syntax error, unexpected '='
        @current || = User.find_by(session_token: ...
                    ^
):
  
app/controllers/application_controller.rb:5: syntax error, unexpected '='
app/controllers/application_controller.rb:5: syntax error, unexpected '='
app/controllers/users_controller.rb:1:in `<top (required)>'
Started GET "/users/new" for ::1 at 2022-11-15 14:18:51 -0800
Processing by UsersController#new as HTML
Completed 500 Internal Server Error in 6ms (ActiveRecord: 0.0ms | Allocations: 1082)


  
ArgumentError (Range unspecified. Specify the :in, :within, :maximum, :minimum, or :is option.):
  
app/models/user.rb:5:in `<class:User>'
app/models/user.rb:1:in `<top (required)>'
app/controllers/users_controller.rb:4:in `new'
Started GET "/users/new" for ::1 at 2022-11-15 14:19:07 -0800
Processing by UsersController#new as HTML
Completed 500 Internal Server Error in 4ms (ActiveRecord: 0.0ms | Allocations: 1027)


  
ArgumentError (Unknown validator: 'AllowValidator'):
  
app/models/user.rb:5:in `<class:User>'
app/models/user.rb:1:in `<top (required)>'
app/controllers/users_controller.rb:4:in `new'
Started GET "/users/new" for ::1 at 2022-11-15 14:19:19 -0800
Processing by UsersController#new as HTML
Completed 500 Internal Server Error in 4ms (ActiveRecord: 0.0ms | Allocations: 1020)


  
ArgumentError (Unknown validator: 'AllowValidator'):
  
app/models/user.rb:5:in `<class:User>'
app/models/user.rb:1:in `<top (required)>'
app/controllers/users_controller.rb:4:in `new'
Started GET "/users/new" for ::1 at 2022-11-15 14:19:40 -0800
Processing by UsersController#new as HTML
  Rendering layout layouts/application.html.erb
  Rendering users/new.html.erb within layouts/application
  Rendered users/new.html.erb within layouts/application (Duration: 8.4ms | Allocations: 3632)
  Rendered layout layouts/application.html.erb (Duration: 8.8ms | Allocations: 3720)
Completed 500 Internal Server Error in 37ms (ActiveRecord: 4.7ms | Allocations: 10438)


  
ActionView::Template::Error (undefined local variable or method `user' for #<ActionView::Base:0x000000000077d8>

            <input type=:"text" name="user[username]" value="'.freeze;@output_buffer.append=(user.email);@output_buffer.safe_append='" placeholder="email address"> <br/>
                                                                                             ^^^^
Did you mean?  @user):
    2: 
    3: <form action="<%= new_user_url %>" method="POST">
    4:     <label> Email:
    5:             <input type=:"text" name="user[username]" value="<%=user.email%>" placeholder="email address"> <br/>
    6:     </label>
    7: 
    8: </form>
  
app/views/users/new.html.erb:5
app/controllers/users_controller.rb:6:in `new'
Started GET "/users/new" for ::1 at 2022-11-15 14:31:11 -0800
Processing by UsersController#new as HTML
  Rendering layout layouts/application.html.erb
  Rendering users/new.html.erb within layouts/application
  Rendered users/new.html.erb within layouts/application (Duration: 2.2ms | Allocations: 227)
  Rendered layout layouts/application.html.erb (Duration: 35.6ms | Allocations: 6581)
Completed 200 OK in 39ms (Views: 38.5ms | Allocations: 7348)


Started GET "/users/new" for ::1 at 2022-11-15 14:31:54 -0800
Processing by UsersController#new as HTML
  Rendering layout layouts/application.html.erb
  Rendering users/new.html.erb within layouts/application
  Rendered users/new.html.erb within layouts/application (Duration: 1.4ms | Allocations: 222)
  Rendered layout layouts/application.html.erb (Duration: 10.3ms | Allocations: 1750)
Completed 200 OK in 14ms (Views: 13.7ms | Allocations: 2505)


Started POST "/users/new" for ::1 at 2022-11-15 14:31:56 -0800
  
ActionController::RoutingError (No route matches [POST] "/users/new"):
  
Started GET "/users/new" for ::1 at 2022-11-15 14:34:13 -0800
Processing by UsersController#new as HTML
  Rendering layout layouts/application.html.erb
  Rendering users/new.html.erb within layouts/application
  Rendered users/new.html.erb within layouts/application (Duration: 2.5ms | Allocations: 222)
  Rendered layout layouts/application.html.erb (Duration: 6.9ms | Allocations: 1726)
Completed 200 OK in 12ms (Views: 11.1ms | Allocations: 2480)


Started GET "/users/new" for ::1 at 2022-11-15 14:34:40 -0800
Processing by UsersController#new as HTML
  Rendering layout layouts/application.html.erb
  Rendering users/new.html.erb within layouts/application
  Rendered users/new.html.erb within layouts/application (Duration: 2.2ms | Allocations: 223)
  Rendered layout layouts/application.html.erb (Duration: 7.2ms | Allocations: 1742)
Completed 200 OK in 11ms (Views: 10.6ms | Allocations: 2493)


Started GET "/users/new" for ::1 at 2022-11-15 14:34:53 -0800
Processing by UsersController#new as HTML
  Rendering layout layouts/application.html.erb
  Rendering users/new.html.erb within layouts/application
  Rendered users/new.html.erb within layouts/application (Duration: 1.0ms | Allocations: 223)
  Rendered layout layouts/application.html.erb (Duration: 5.8ms | Allocations: 1733)
Completed 200 OK in 9ms (Views: 8.9ms | Allocations: 2484)


Started POST "/users/new" for ::1 at 2022-11-15 14:38:50 -0800
  
ActionController::RoutingError (No route matches [POST] "/users/new"):
  
Started POST "/users/new" for ::1 at 2022-11-15 14:46:00 -0800
  
ActionController::RoutingError (No route matches [POST] "/users/new"):
  
Started GET "/users/new" for ::1 at 2022-11-15 14:46:39 -0800
Processing by UsersController#new as HTML
  Rendering layout layouts/application.html.erb
  Rendering users/new.html.erb within layouts/application
  Rendered users/new.html.erb within layouts/application (Duration: 1.0ms | Allocations: 225)
  Rendered layout layouts/application.html.erb (Duration: 9.0ms | Allocations: 1761)
Completed 200 OK in 14ms (Views: 13.1ms | Allocations: 2512)


Started POST "/users" for ::1 at 2022-11-15 14:46:45 -0800
Processing by UsersController#create as HTML
  Parameters: {"user"=>{"username"=>"max@max.com", "password"=>"[FILTERED]"}}
Can't verify CSRF token authenticity.
Completed 422 Unprocessable Entity in 1ms (Allocations: 204)


  
ActionController::InvalidAuthenticityToken (Can't verify CSRF token authenticity.):
  
actionpack (7.0.4) lib/action_controller/metal/request_forgery_protection.rb:251:in `handle_unverified_request'
actionpack (7.0.4) lib/action_controller/metal/request_forgery_protection.rb:284:in `handle_unverified_request'
actionpack (7.0.4) lib/action_controller/metal/request_forgery_protection.rb:273:in `verify_authenticity_token'
activesupport (7.0.4) lib/active_support/callbacks.rb:400:in `block in make_lambda'
activesupport (7.0.4) lib/active_support/callbacks.rb:199:in `block (2 levels) in halting'
actionpack (7.0.4) lib/abstract_controller/callbacks.rb:34:in `block (2 levels) in <module:Callbacks>'
activesupport (7.0.4) lib/active_support/callbacks.rb:200:in `block in halting'
activesupport (7.0.4) lib/active_support/callbacks.rb:595:in `block in invoke_before'
activesupport (7.0.4) lib/active_support/callbacks.rb:595:in `each'
activesupport (7.0.4) lib/active_support/callbacks.rb:595:in `invoke_before'
activesupport (7.0.4) lib/active_support/callbacks.rb:106:in `run_callbacks'
actionpack (7.0.4) lib/abstract_controller/callbacks.rb:233:in `process_action'
actionpack (7.0.4) lib/action_controller/metal/rescue.rb:22:in `process_action'
actionpack (7.0.4) lib/action_controller/metal/instrumentation.rb:67:in `block in process_action'
activesupport (7.0.4) lib/active_support/notifications.rb:206:in `block in instrument'
activesupport (7.0.4) lib/active_support/notifications/instrumenter.rb:24:in `instrument'
activesupport (7.0.4) lib/active_support/notifications.rb:206:in `instrument'
actionpack (7.0.4) lib/action_controller/metal/instrumentation.rb:66:in `process_action'
actionpack (7.0.4) lib/action_controller/metal/params_wrapper.rb:259:in `process_action'
activerecord (7.0.4) lib/active_record/railties/controller_runtime.rb:27:in `process_action'
actionpack (7.0.4) lib/abstract_controller/base.rb:151:in `process'
actionview (7.0.4) lib/action_view/rendering.rb:39:in `process'
actionpack (7.0.4) lib/action_controller/metal.rb:188:in `dispatch'
actionpack (7.0.4) lib/action_controller/metal.rb:251:in `dispatch'
actionpack (7.0.4) lib/action_dispatch/routing/route_set.rb:49:in `dispatch'
actionpack (7.0.4) lib/action_dispatch/routing/route_set.rb:32:in `serve'
actionpack (7.0.4) lib/action_dispatch/journey/router.rb:50:in `block in serve'
actionpack (7.0.4) lib/action_dispatch/journey/router.rb:32:in `each'
actionpack (7.0.4) lib/action_dispatch/journey/router.rb:32:in `serve'
actionpack (7.0.4) lib/action_dispatch/routing/route_set.rb:852:in `call'
rack (2.2.4) lib/rack/tempfile_reaper.rb:15:in `call'
rack (2.2.4) lib/rack/etag.rb:27:in `call'
rack (2.2.4) lib/rack/conditional_get.rb:40:in `call'
rack (2.2.4) lib/rack/head.rb:12:in `call'
actionpack (7.0.4) lib/action_dispatch/http/permissions_policy.rb:38:in `call'
actionpack (7.0.4) lib/action_dispatch/http/content_security_policy.rb:36:in `call'
rack (2.2.4) lib/rack/session/abstract/id.rb:266:in `context'
rack (2.2.4) lib/rack/session/abstract/id.rb:260:in `call'
actionpack (7.0.4) lib/action_dispatch/middleware/cookies.rb:696:in `call'
activerecord (7.0.4) lib/active_record/migration.rb:603:in `call'
actionpack (7.0.4) lib/action_dispatch/middleware/callbacks.rb:27:in `block in call'
activesupport (7.0.4) lib/active_support/callbacks.rb:99:in `run_callbacks'
actionpack (7.0.4) lib/action_dispatch/middleware/callbacks.rb:26:in `call'
actionpack (7.0.4) lib/action_dispatch/middleware/executor.rb:14:in `call'
actionpack (7.0.4) lib/action_dispatch/middleware/actionable_exceptions.rb:17:in `call'
actionpack (7.0.4) lib/action_dispatch/middleware/debug_exceptions.rb:28:in `call'
actionpack (7.0.4) lib/action_dispatch/middleware/show_exceptions.rb:26:in `call'
railties (7.0.4) lib/rails/rack/logger.rb:40:in `call_app'
railties (7.0.4) lib/rails/rack/logger.rb:25:in `block in call'
activesupport (7.0.4) lib/active_support/tagged_logging.rb:99:in `block in tagged'
activesupport (7.0.4) lib/active_support/tagged_logging.rb:37:in `tagged'
activesupport (7.0.4) lib/active_support/tagged_logging.rb:99:in `tagged'
railties (7.0.4) lib/rails/rack/logger.rb:25:in `call'
sprockets-rails (3.4.2) lib/sprockets/rails/quiet_assets.rb:13:in `call'
actionpack (7.0.4) lib/action_dispatch/middleware/remote_ip.rb:93:in `call'
actionpack (7.0.4) lib/action_dispatch/middleware/request_id.rb:26:in `call'
rack (2.2.4) lib/rack/method_override.rb:24:in `call'
rack (2.2.4) lib/rack/runtime.rb:22:in `call'
activesupport (7.0.4) lib/active_support/cache/strategy/local_cache_middleware.rb:29:in `call'
actionpack (7.0.4) lib/action_dispatch/middleware/server_timing.rb:61:in `block in call'
actionpack (7.0.4) lib/action_dispatch/middleware/server_timing.rb:26:in `collect_events'
actionpack (7.0.4) lib/action_dispatch/middleware/server_timing.rb:60:in `call'
actionpack (7.0.4) lib/action_dispatch/middleware/executor.rb:14:in `call'
actionpack (7.0.4) lib/action_dispatch/middleware/static.rb:23:in `call'
rack (2.2.4) lib/rack/sendfile.rb:110:in `call'
actionpack (7.0.4) lib/action_dispatch/middleware/host_authorization.rb:137:in `call'
railties (7.0.4) lib/rails/engine.rb:530:in `call'
puma (5.6.5) lib/puma/configuration.rb:252:in `call'
puma (5.6.5) lib/puma/request.rb:77:in `block in handle_request'
puma (5.6.5) lib/puma/thread_pool.rb:340:in `with_force_shutdown'
puma (5.6.5) lib/puma/request.rb:76:in `handle_request'
puma (5.6.5) lib/puma/server.rb:443:in `process_client'
puma (5.6.5) lib/puma/thread_pool.rb:147:in `block in spawn_thread'
Started GET "/users" for ::1 at 2022-11-15 14:48:09 -0800
  
ActionController::RoutingError (No route matches [GET] "/users"):
  
Started GET "/users" for ::1 at 2022-11-15 14:48:23 -0800
  
ActionController::RoutingError (No route matches [GET] "/users"):
  
Started GET "/users" for ::1 at 2022-11-15 14:48:25 -0800
  
ActionController::RoutingError (No route matches [GET] "/users"):
  
Started GET "/users/new" for ::1 at 2022-11-15 14:48:38 -0800
Processing by UsersController#new as HTML
  Rendering layout layouts/application.html.erb
  Rendering users/new.html.erb within layouts/application
  Rendered users/new.html.erb within layouts/application (Duration: 0.3ms | Allocations: 77)
  Rendered layout layouts/application.html.erb (Duration: 3.5ms | Allocations: 1419)
Completed 200 OK in 46ms (Views: 5.8ms | ActiveRecord: 22.3ms | Allocations: 7438)


Started GET "/user" for ::1 at 2022-11-15 14:48:42 -0800
  
ActionController::RoutingError (No route matches [GET] "/user"):
  
Started GET "/users" for ::1 at 2022-11-15 14:48:44 -0800
  
ActionController::RoutingError (No route matches [GET] "/users"):
  
Started GET "/users/new" for ::1 at 2022-11-15 14:49:19 -0800
Processing by UsersController#new as HTML
  Rendering layout layouts/application.html.erb
  Rendering users/new.html.erb within layouts/application
  Rendered users/new.html.erb within layouts/application (Duration: 0.4ms | Allocations: 77)
  Rendered layout layouts/application.html.erb (Duration: 5.2ms | Allocations: 1464)
Completed 200 OK in 27ms (Views: 6.9ms | ActiveRecord: 8.1ms | Allocations: 4827)


Started POST "/users" for ::1 at 2022-11-15 14:49:49 -0800
Processing by UsersController#create as HTML
  Parameters: {"user"=>{"username"=>"daniel@afwa.com", "password"=>"[FILTERED]"}}
Can't verify CSRF token authenticity.
Completed 422 Unprocessable Entity in 1ms (ActiveRecord: 0.0ms | Allocations: 179)


  
ActionController::InvalidAuthenticityToken (Can't verify CSRF token authenticity.):
  
actionpack (7.0.4) lib/action_controller/metal/request_forgery_protection.rb:251:in `handle_unverified_request'
actionpack (7.0.4) lib/action_controller/metal/request_forgery_protection.rb:284:in `handle_unverified_request'
actionpack (7.0.4) lib/action_controller/metal/request_forgery_protection.rb:273:in `verify_authenticity_token'
activesupport (7.0.4) lib/active_support/callbacks.rb:400:in `block in make_lambda'
activesupport (7.0.4) lib/active_support/callbacks.rb:199:in `block (2 levels) in halting'
actionpack (7.0.4) lib/abstract_controller/callbacks.rb:34:in `block (2 levels) in <module:Callbacks>'
activesupport (7.0.4) lib/active_support/callbacks.rb:200:in `block in halting'
activesupport (7.0.4) lib/active_support/callbacks.rb:595:in `block in invoke_before'
activesupport (7.0.4) lib/active_support/callbacks.rb:595:in `each'
activesupport (7.0.4) lib/active_support/callbacks.rb:595:in `invoke_before'
activesupport (7.0.4) lib/active_support/callbacks.rb:106:in `run_callbacks'
actionpack (7.0.4) lib/abstract_controller/callbacks.rb:233:in `process_action'
actionpack (7.0.4) lib/action_controller/metal/rescue.rb:22:in `process_action'
actionpack (7.0.4) lib/action_controller/metal/instrumentation.rb:67:in `block in process_action'
activesupport (7.0.4) lib/active_support/notifications.rb:206:in `block in instrument'
activesupport (7.0.4) lib/active_support/notifications/instrumenter.rb:24:in `instrument'
activesupport (7.0.4) lib/active_support/notifications.rb:206:in `instrument'
actionpack (7.0.4) lib/action_controller/metal/instrumentation.rb:66:in `process_action'
actionpack (7.0.4) lib/action_controller/metal/params_wrapper.rb:259:in `process_action'
activerecord (7.0.4) lib/active_record/railties/controller_runtime.rb:27:in `process_action'
actionpack (7.0.4) lib/abstract_controller/base.rb:151:in `process'
actionview (7.0.4) lib/action_view/rendering.rb:39:in `process'
actionpack (7.0.4) lib/action_controller/metal.rb:188:in `dispatch'
actionpack (7.0.4) lib/action_controller/metal.rb:251:in `dispatch'
actionpack (7.0.4) lib/action_dispatch/routing/route_set.rb:49:in `dispatch'
actionpack (7.0.4) lib/action_dispatch/routing/route_set.rb:32:in `serve'
actionpack (7.0.4) lib/action_dispatch/journey/router.rb:50:in `block in serve'
actionpack (7.0.4) lib/action_dispatch/journey/router.rb:32:in `each'
actionpack (7.0.4) lib/action_dispatch/journey/router.rb:32:in `serve'
actionpack (7.0.4) lib/action_dispatch/routing/route_set.rb:852:in `call'
rack (2.2.4) lib/rack/tempfile_reaper.rb:15:in `call'
rack (2.2.4) lib/rack/etag.rb:27:in `call'
rack (2.2.4) lib/rack/conditional_get.rb:40:in `call'
rack (2.2.4) lib/rack/head.rb:12:in `call'
actionpack (7.0.4) lib/action_dispatch/http/permissions_policy.rb:38:in `call'
actionpack (7.0.4) lib/action_dispatch/http/content_security_policy.rb:36:in `call'
rack (2.2.4) lib/rack/session/abstract/id.rb:266:in `context'
rack (2.2.4) lib/rack/session/abstract/id.rb:260:in `call'
actionpack (7.0.4) lib/action_dispatch/middleware/cookies.rb:696:in `call'
activerecord (7.0.4) lib/active_record/migration.rb:603:in `call'
actionpack (7.0.4) lib/action_dispatch/middleware/callbacks.rb:27:in `block in call'
activesupport (7.0.4) lib/active_support/callbacks.rb:99:in `run_callbacks'
actionpack (7.0.4) lib/action_dispatch/middleware/callbacks.rb:26:in `call'
actionpack (7.0.4) lib/action_dispatch/middleware/executor.rb:14:in `call'
actionpack (7.0.4) lib/action_dispatch/middleware/actionable_exceptions.rb:17:in `call'
actionpack (7.0.4) lib/action_dispatch/middleware/debug_exceptions.rb:28:in `call'
actionpack (7.0.4) lib/action_dispatch/middleware/show_exceptions.rb:26:in `call'
railties (7.0.4) lib/rails/rack/logger.rb:40:in `call_app'
railties (7.0.4) lib/rails/rack/logger.rb:25:in `block in call'
activesupport (7.0.4) lib/active_support/tagged_logging.rb:99:in `block in tagged'
activesupport (7.0.4) lib/active_support/tagged_logging.rb:37:in `tagged'
activesupport (7.0.4) lib/active_support/tagged_logging.rb:99:in `tagged'
railties (7.0.4) lib/rails/rack/logger.rb:25:in `call'
sprockets-rails (3.4.2) lib/sprockets/rails/quiet_assets.rb:13:in `call'
actionpack (7.0.4) lib/action_dispatch/middleware/remote_ip.rb:93:in `call'
actionpack (7.0.4) lib/action_dispatch/middleware/request_id.rb:26:in `call'
rack (2.2.4) lib/rack/method_override.rb:24:in `call'
rack (2.2.4) lib/rack/runtime.rb:22:in `call'
activesupport (7.0.4) lib/active_support/cache/strategy/local_cache_middleware.rb:29:in `call'
actionpack (7.0.4) lib/action_dispatch/middleware/server_timing.rb:61:in `block in call'
actionpack (7.0.4) lib/action_dispatch/middleware/server_timing.rb:26:in `collect_events'
actionpack (7.0.4) lib/action_dispatch/middleware/server_timing.rb:60:in `call'
actionpack (7.0.4) lib/action_dispatch/middleware/executor.rb:14:in `call'
actionpack (7.0.4) lib/action_dispatch/middleware/static.rb:23:in `call'
rack (2.2.4) lib/rack/sendfile.rb:110:in `call'
actionpack (7.0.4) lib/action_dispatch/middleware/host_authorization.rb:137:in `call'
railties (7.0.4) lib/rails/engine.rb:530:in `call'
puma (5.6.5) lib/puma/configuration.rb:252:in `call'
puma (5.6.5) lib/puma/request.rb:77:in `block in handle_request'
puma (5.6.5) lib/puma/thread_pool.rb:340:in `with_force_shutdown'
puma (5.6.5) lib/puma/request.rb:76:in `handle_request'
puma (5.6.5) lib/puma/server.rb:443:in `process_client'
puma (5.6.5) lib/puma/thread_pool.rb:147:in `block in spawn_thread'
Started POST "/users" for ::1 at 2022-11-15 14:51:02 -0800
  
NoMethodError (undefined method `protect_from_forgery_with' for ApplicationController:Class

    protect_from_forgery_with :null_session
    ^^^^^^^^^^^^^^^^^^^^^^^^^
Did you mean?  protect_from_forgery):
  
app/controllers/application_controller.rb:3:in `<class:ApplicationController>'
app/controllers/application_controller.rb:1:in `<top (required)>'
app/controllers/users_controller.rb:1:in `<top (required)>'
Started POST "/users" for ::1 at 2022-11-15 14:51:22 -0800
  
NoMethodError (undefined method `reverse_merge' for :null_session:Symbol

        options = options.reverse_merge(prepend: false)
                         ^^^^^^^^^^^^^^):
  
app/controllers/application_controller.rb:3:in `<class:ApplicationController>'
app/controllers/application_controller.rb:1:in `<top (required)>'
app/controllers/users_controller.rb:1:in `<top (required)>'
Started POST "/users" for ::1 at 2022-11-15 14:51:52 -0800
Processing by UsersController#create as HTML
  Parameters: {"user"=>{"username"=>"daniel@afwa.com", "password"=>"[FILTERED]"}}
Can't verify CSRF token authenticity.
Completed 500 Internal Server Error in 16ms (ActiveRecord: 4.0ms | Allocations: 3700)


  
ActiveModel::UnknownAttributeError (unknown attribute 'username' for User.

          raise UnknownAttributeError.new(self, k.to_s)
          ^^^^^):
  
app/controllers/users_controller.rb:10:in `create'
Started POST "/users" for ::1 at 2022-11-15 14:52:16 -0800
Processing by UsersController#create as HTML
  Parameters: {"user"=>{"username"=>"daniel@afwa.com", "password"=>"[FILTERED]"}}
Can't verify CSRF token authenticity.
[31mUnpermitted parameter: :username. Context: { controller: UsersController, action: create, request: #<ActionDispatch::Request:0x000000010c311818>, params: {"user"=>{"username"=>"daniel@afwa.com", "password"=>"[FILTERED]"}, "controller"=>"users", "action"=>"create"} }[0m
  [1m[36mTRANSACTION (0.2ms)[0m  [1m[35mBEGIN[0m
  ↳ app/models/user.rb:45:in `generate_session_token'
  [1m[36mUser Exists? (22.6ms)[0m  [1m[34mSELECT 1 AS one FROM "users" WHERE "users"."session_token" = $1 LIMIT $2[0m  [["session_token", "[FILTERED]"], ["LIMIT", 1]]
  ↳ app/models/user.rb:45:in `generate_session_token'
  [1m[36mUser Exists? (0.5ms)[0m  [1m[34mSELECT 1 AS one FROM "users" WHERE "users"."email" IS NULL LIMIT $1[0m  [["LIMIT", 1]]
  ↳ app/controllers/users_controller.rb:12:in `create'
  [1m[36mCACHE User Exists? (0.0ms)[0m  [1m[34mSELECT 1 AS one FROM "users" WHERE "users"."session_token" = $1 LIMIT $2[0m  [["session_token", "[FILTERED]"], ["LIMIT", 1]]
  ↳ app/controllers/users_controller.rb:12:in `create'
  [1m[36mTRANSACTION (0.3ms)[0m  [1m[31mROLLBACK[0m
  ↳ app/controllers/users_controller.rb:12:in `create'
Completed 422 Unprocessable Entity in 371ms (ActiveRecord: 28.3ms | Allocations: 10205)


  
ActiveRecord::RecordInvalid (Validation failed: Email can't be blank):
  
app/controllers/users_controller.rb:12:in `create'
Started GET "/users" for ::1 at 2022-11-15 14:53:23 -0800
  
ActionController::RoutingError (No route matches [GET] "/users"):
  
Started GET "/user/new" for ::1 at 2022-11-15 14:53:30 -0800
  
ActionController::RoutingError (No route matches [GET] "/user/new"):
  
Started GET "/users/new" for ::1 at 2022-11-15 14:53:39 -0800
Processing by UsersController#new as HTML
  Rendering layout layouts/application.html.erb
  Rendering users/new.html.erb within layouts/application
  Rendered users/new.html.erb within layouts/application (Duration: 2.0ms | Allocations: 232)
  Rendered layout layouts/application.html.erb (Duration: 14.2ms | Allocations: 1777)
Completed 200 OK in 21ms (Views: 20.7ms | ActiveRecord: 0.0ms | Allocations: 2545)


Started POST "/users" for ::1 at 2022-11-15 14:53:53 -0800
Processing by UsersController#create as HTML
  Parameters: {"user"=>{"email"=>"abawga@gagw.com", "password"=>"[FILTERED]"}}
Can't verify CSRF token authenticity.
  [1m[36mTRANSACTION (0.2ms)[0m  [1m[35mBEGIN[0m
  ↳ app/models/user.rb:45:in `generate_session_token'
  [1m[36mUser Exists? (0.9ms)[0m  [1m[34mSELECT 1 AS one FROM "users" WHERE "users"."session_token" = $1 LIMIT $2[0m  [["session_token", "[FILTERED]"], ["LIMIT", 1]]
  ↳ app/models/user.rb:45:in `generate_session_token'
  [1m[36mUser Exists? (0.6ms)[0m  [1m[34mSELECT 1 AS one FROM "users" WHERE "users"."email" = $1 LIMIT $2[0m  [["email", "abawga@gagw.com"], ["LIMIT", 1]]
  ↳ app/controllers/users_controller.rb:12:in `create'
  [1m[36mCACHE User Exists? (0.0ms)[0m  [1m[34mSELECT 1 AS one FROM "users" WHERE "users"."session_token" = $1 LIMIT $2[0m  [["session_token", "[FILTERED]"], ["LIMIT", 1]]
  ↳ app/controllers/users_controller.rb:12:in `create'
  [1m[36mUser Create (13.9ms)[0m  [1m[32mINSERT INTO "users" ("email", "password_digest", "session_token", "created_at", "updated_at") VALUES ($1, $2, $3, $4, $5) RETURNING "id"[0m  [["email", "abawga@gagw.com"], ["password_digest", "[FILTERED]"], ["session_token", "[FILTERED]"], ["created_at", "2022-11-15 22:53:54.204261"], ["updated_at", "2022-11-15 22:53:54.204261"]]
  ↳ app/controllers/users_controller.rb:12:in `create'
  [1m[36mTRANSACTION (26.4ms)[0m  [1m[35mCOMMIT[0m
  ↳ app/controllers/users_controller.rb:12:in `create'
Redirected to http://[::1]:3000/users/1
Completed 302 Found in 367ms (ActiveRecord: 42.1ms | Allocations: 4564)


Started GET "/users/1" for ::1 at 2022-11-15 14:53:54 -0800
Processing by UsersController#show as HTML
  Parameters: {"id"=>"1"}
  [1m[36mUser Load (0.3ms)[0m  [1m[34mSELECT "users".* FROM "users" WHERE "users"."id" = $1 LIMIT $2[0m  [["id", 1], ["LIMIT", 1]]
  ↳ app/controllers/users_controller.rb:20:in `show'
Completed 500 Internal Server Error in 7ms (ActiveRecord: 0.9ms | Allocations: 1315)


  
ActionView::MissingTemplate (Missing template users/show, application/show with {:locale=>[:en], :formats=>[:html], :variants=>[], :handlers=>[:raw, :erb, :html, :builder, :ruby]}.

Searched in:
  * "/Users/appacademy/Documents/W7D2/MusicApp/app/views"

Did you mean?  users/new
               sessions/new
               layouts/application):
  
app/controllers/users_controller.rb:21:in `show'
Started GET "/users/1" for ::1 at 2022-11-15 14:56:09 -0800
Processing by UsersController#show as HTML
  Parameters: {"id"=>"1"}
  [1m[36mUser Load (0.5ms)[0m  [1m[34mSELECT "users".* FROM "users" WHERE "users"."id" = $1 LIMIT $2[0m  [["id", 1], ["LIMIT", 1]]
  ↳ app/controllers/users_controller.rb:20:in `show'
  Rendering layout layouts/application.html.erb
  Rendering users/show.html within layouts/application
  Rendered users/show.html within layouts/application (Duration: 0.8ms | Allocations: 105)
  Rendered layout layouts/application.html.erb (Duration: 5.9ms | Allocations: 1635)
Completed 200 OK in 14ms (Views: 9.7ms | ActiveRecord: 0.5ms | Allocations: 2847)


Started GET "/users/1" for ::1 at 2022-11-15 14:56:48 -0800
Processing by UsersController#show as HTML
  Parameters: {"id"=>"1"}
  [1m[36mUser Load (0.8ms)[0m  [1m[34mSELECT "users".* FROM "users" WHERE "users"."id" = $1 LIMIT $2[0m  [["id", 1], ["LIMIT", 1]]
  ↳ app/controllers/users_controller.rb:20:in `show'
  Rendering layout layouts/application.html.erb
  Rendering users/show.html.erb within layouts/application
  Rendered users/show.html.erb within layouts/application (Duration: 1.1ms | Allocations: 150)
  Rendered layout layouts/application.html.erb (Duration: 9.1ms | Allocations: 1641)
Completed 200 OK in 16ms (Views: 12.0ms | ActiveRecord: 0.8ms | Allocations: 2950)


Started GET "/users/new" for ::1 at 2022-11-15 14:57:05 -0800
Processing by UsersController#new as HTML
  Rendering layout layouts/application.html.erb
  Rendering users/new.html.erb within layouts/application
  Rendered users/new.html.erb within layouts/application (Duration: 4.0ms | Allocations: 184)
  Rendered layout layouts/application.html.erb (Duration: 9.1ms | Allocations: 1280)
Completed 200 OK in 12ms (Views: 11.2ms | ActiveRecord: 0.0ms | Allocations: 1578)


Started POST "/users" for ::1 at 2022-11-15 14:58:29 -0800
Processing by UsersController#create as HTML
  Parameters: {"user"=>{"email"=>"", "password"=>"[FILTERED]"}}
Can't verify CSRF token authenticity.
  [1m[36mTRANSACTION (0.5ms)[0m  [1m[35mBEGIN[0m
  ↳ app/models/user.rb:45:in `generate_session_token'
  [1m[36mUser Exists? (2.0ms)[0m  [1m[34mSELECT 1 AS one FROM "users" WHERE "users"."session_token" = $1 LIMIT $2[0m  [["session_token", "[FILTERED]"], ["LIMIT", 1]]
  ↳ app/models/user.rb:45:in `generate_session_token'
  [1m[36mUser Exists? (0.4ms)[0m  [1m[34mSELECT 1 AS one FROM "users" WHERE "users"."email" = $1 LIMIT $2[0m  [["email", ""], ["LIMIT", 1]]
  ↳ app/controllers/users_controller.rb:12:in `create'
  [1m[36mCACHE User Exists? (0.0ms)[0m  [1m[34mSELECT 1 AS one FROM "users" WHERE "users"."session_token" = $1 LIMIT $2[0m  [["session_token", "[FILTERED]"], ["LIMIT", 1]]
  ↳ app/controllers/users_controller.rb:12:in `create'
  [1m[36mTRANSACTION (0.3ms)[0m  [1m[31mROLLBACK[0m
  ↳ app/controllers/users_controller.rb:12:in `create'
Completed 422 Unprocessable Entity in 333ms (ActiveRecord: 6.3ms | Allocations: 7139)


  
ActiveRecord::RecordInvalid (Validation failed: Email can't be blank):
  
app/controllers/users_controller.rb:12:in `create'
Started POST "/users" for ::1 at 2022-11-15 14:58:43 -0800
Processing by UsersController#create as HTML
  Parameters: {"user"=>{"email"=>"bannister.will@gmail.com", "password"=>"[FILTERED]"}}
Can't verify CSRF token authenticity.
  [1m[36mTRANSACTION (0.2ms)[0m  [1m[35mBEGIN[0m
  ↳ app/models/user.rb:45:in `generate_session_token'
  [1m[36mUser Exists? (1.1ms)[0m  [1m[34mSELECT 1 AS one FROM "users" WHERE "users"."session_token" = $1 LIMIT $2[0m  [["session_token", "[FILTERED]"], ["LIMIT", 1]]
  ↳ app/models/user.rb:45:in `generate_session_token'
  [1m[36mUser Exists? (0.7ms)[0m  [1m[34mSELECT 1 AS one FROM "users" WHERE "users"."email" = $1 LIMIT $2[0m  [["email", "bannister.will@gmail.com"], ["LIMIT", 1]]
  ↳ app/controllers/users_controller.rb:12:in `create'
  [1m[36mCACHE User Exists? (0.0ms)[0m  [1m[34mSELECT 1 AS one FROM "users" WHERE "users"."session_token" = $1 LIMIT $2[0m  [["session_token", "[FILTERED]"], ["LIMIT", 1]]
  ↳ app/controllers/users_controller.rb:12:in `create'
  [1m[36mUser Create (0.5ms)[0m  [1m[32mINSERT INTO "users" ("email", "password_digest", "session_token", "created_at", "updated_at") VALUES ($1, $2, $3, $4, $5) RETURNING "id"[0m  [["email", "bannister.will@gmail.com"], ["password_digest", "[FILTERED]"], ["session_token", "[FILTERED]"], ["created_at", "2022-11-15 22:58:44.271142"], ["updated_at", "2022-11-15 22:58:44.271142"]]
  ↳ app/controllers/users_controller.rb:12:in `create'
  [1m[36mTRANSACTION (2.2ms)[0m  [1m[35mCOMMIT[0m
  ↳ app/controllers/users_controller.rb:12:in `create'
Redirected to http://[::1]:3000/users/2
Completed 302 Found in 325ms (ActiveRecord: 4.7ms | Allocations: 4051)


Started GET "/users/2" for ::1 at 2022-11-15 14:58:44 -0800
Processing by UsersController#show as HTML
  Parameters: {"id"=>"2"}
  [1m[36mUser Load (1.0ms)[0m  [1m[34mSELECT "users".* FROM "users" WHERE "users"."id" = $1 LIMIT $2[0m  [["id", 2], ["LIMIT", 1]]
  ↳ app/controllers/users_controller.rb:20:in `show'
  Rendering layout layouts/application.html.erb
  Rendering users/show.html.erb within layouts/application
  Rendered users/show.html.erb within layouts/application (Duration: 0.2ms | Allocations: 19)
  Rendered layout layouts/application.html.erb (Duration: 3.7ms | Allocations: 1398)
Completed 200 OK in 13ms (Views: 7.0ms | ActiveRecord: 1.0ms | Allocations: 2559)


Started GET "/users" for ::1 at 2022-11-15 14:59:08 -0800
  
ActionController::RoutingError (No route matches [GET] "/users"):
  
Started GET "/users" for ::1 at 2022-11-15 15:00:09 -0800
  
ActionController::RoutingError (No route matches [GET] "/users"):
  
Started GET "/users" for ::1 at 2022-11-15 15:00:11 -0800
  
ActionController::RoutingError (No route matches [GET] "/users"):
  
Started GET "/users" for ::1 at 2022-11-15 15:02:18 -0800
  
ActionController::RoutingError (No route matches [GET] "/users"):
  
Started GET "/users" for ::1 at 2022-11-15 15:07:21 -0800
  
ActionController::RoutingError (No route matches [GET] "/users"):
  
Started GET "/users/new" for ::1 at 2022-11-15 15:08:11 -0800
Processing by UsersController#new as HTML
  Rendering layout layouts/application.html.erb
  Rendering users/new.html.erb within layouts/application
  Rendered users/new.html.erb within layouts/application (Duration: 0.3ms | Allocations: 77)
  Rendered layout layouts/application.html.erb (Duration: 4.1ms | Allocations: 1461)
Completed 200 OK in 58ms (Views: 6.8ms | ActiveRecord: 24.7ms | Allocations: 7852)


Started GET "/users/session/new" for ::1 at 2022-11-15 15:14:28 -0800
  
ActionController::RoutingError (No route matches [GET] "/users/session/new"):
  
Started GET "/users/session/new" for ::1 at 2022-11-15 15:17:30 -0800
  
ActionController::RoutingError (No route matches [GET] "/users/session/new"):
  
Started GET "/users/session/new" for ::1 at 2022-11-15 15:17:32 -0800
  
ActionController::RoutingError (No route matches [GET] "/users/session/new"):
  
Started GET "/users/session/new" for ::1 at 2022-11-15 15:17:46 -0800
  
ActionController::RoutingError (No route matches [GET] "/users/session/new"):
  
Started GET "/users/session/new" for ::1 at 2022-11-15 15:17:47 -0800
  
ActionController::RoutingError (No route matches [GET] "/users/session/new"):
  
Started GET "/users/session/new" for ::1 at 2022-11-15 15:20:18 -0800
  
ActionController::RoutingError (No route matches [GET] "/users/session/new"):
  
Started GET "/users/session/new" for ::1 at 2022-11-15 15:21:46 -0800
  
ActionController::RoutingError (No route matches [GET] "/users/session/new"):
  
Started GET "/users/session/new" for ::1 at 2022-11-15 15:21:50 -0800
  
ActionController::RoutingError (No route matches [GET] "/users/session/new"):
  
Started GET "/users/session/new" for ::1 at 2022-11-15 15:22:15 -0800
  
ActionController::RoutingError (No route matches [GET] "/users/session/new"):
  
Started GET "/users/session/new" for ::1 at 2022-11-15 15:22:15 -0800
  
ActionController::RoutingError (No route matches [GET] "/users/session/new"):
  
Started GET "/users/session/new" for ::1 at 2022-11-15 15:22:16 -0800
  
ActionController::RoutingError (No route matches [GET] "/users/session/new"):
  
Started GET "/users/session/new" for ::1 at 2022-11-15 15:22:16 -0800
  
ActionController::RoutingError (No route matches [GET] "/users/session/new"):
  
Started GET "/users/session/new" for ::1 at 2022-11-15 15:22:16 -0800
  
ActionController::RoutingError (No route matches [GET] "/users/session/new"):
  
Started GET "/session/new" for ::1 at 2022-11-15 15:22:27 -0800
  
SyntaxError (/Users/appacademy/Documents/W7D2/MusicApp/app/controllers/sessions_controller.rb:30: syntax error, unexpected end-of-input, expecting `end'):
  
app/controllers/sessions_controller.rb:30: syntax error, unexpected end-of-input, expecting `end'
app/controllers/sessions_controller.rb:30: syntax error, unexpected end-of-input, expecting `end'
Started GET "/session/new" for ::1 at 2022-11-15 15:22:48 -0800
Processing by SessionsController#new as HTML
Completed 500 Internal Server Error in 44ms (ActiveRecord: 22.8ms | Allocations: 6283)


  
ActionView::MissingTemplate (Missing template sessions/new, application/new with {:locale=>[:en], :formats=>[:html], :variants=>[], :handlers=>[:raw, :erb, :html, :builder, :ruby]}.

Searched in:
  * "/Users/appacademy/Documents/W7D2/MusicApp/app/views"

Did you mean?  session/new
               users/new
               users/show
               layouts/application):
  
app/controllers/sessions_controller.rb:5:in `new'
Started GET "/session/new" for ::1 at 2022-11-15 15:22:58 -0800
Processing by SessionsController#new as HTML
Completed 500 Internal Server Error in 3ms (ActiveRecord: 0.0ms | Allocations: 442)


  
ActionView::MissingTemplate (Missing template sessions/new, application/new with {:locale=>[:en], :formats=>[:html], :variants=>[], :handlers=>[:raw, :erb, :html, :builder, :ruby]}.

Searched in:
  * "/Users/appacademy/Documents/W7D2/MusicApp/app/views"

Did you mean?  session/new
               users/new
               users/show
               layouts/application):
  
app/controllers/sessions_controller.rb:5:in `new'
Started GET "/session/new" for ::1 at 2022-11-15 15:23:06 -0800
Processing by SessionsController#new as HTML
Completed 500 Internal Server Error in 2ms (ActiveRecord: 0.0ms | Allocations: 420)


  
ActionView::MissingTemplate (Missing template sessions/new, application/new with {:locale=>[:en], :formats=>[:html], :variants=>[], :handlers=>[:raw, :erb, :html, :builder, :ruby]}.

Searched in:
  * "/Users/appacademy/Documents/W7D2/MusicApp/app/views"

Did you mean?  session/new
               users/new
               users/show
               layouts/application):
  
app/controllers/sessions_controller.rb:5:in `new'
Started GET "/session/new" for ::1 at 2022-11-15 15:23:17 -0800
Processing by SessionsController#new as HTML
Completed 500 Internal Server Error in 2ms (ActiveRecord: 0.0ms | Allocations: 768)


  
ActionView::MissingTemplate (Missing template sessions/new, application/new with {:locale=>[:en], :formats=>[:html], :variants=>[], :handlers=>[:raw, :erb, :html, :builder, :ruby]}.

Searched in:
  * "/Users/appacademy/Documents/W7D2/MusicApp/app/views"

Did you mean?  session/new
               users/new
               users/show
               layouts/application):
  
app/controllers/sessions_controller.rb:4:in `new'
Started GET "/session/new" for ::1 at 2022-11-15 15:23:18 -0800
Processing by SessionsController#new as HTML
Completed 500 Internal Server Error in 2ms (ActiveRecord: 0.0ms | Allocations: 422)


  
ActionView::MissingTemplate (Missing template sessions/new, application/new with {:locale=>[:en], :formats=>[:html], :variants=>[], :handlers=>[:raw, :erb, :html, :builder, :ruby]}.

Searched in:
  * "/Users/appacademy/Documents/W7D2/MusicApp/app/views"

Did you mean?  session/new
               users/new
               users/show
               layouts/application):
  
app/controllers/sessions_controller.rb:4:in `new'
Started GET "/session/new" for ::1 at 2022-11-15 15:23:37 -0800
Processing by SessionsController#new as HTML
Completed 500 Internal Server Error in 6ms (ActiveRecord: 0.0ms | Allocations: 745)


  
ActionView::MissingTemplate (Missing template sessions/new, application/new with {:locale=>[:en], :formats=>[:html], :variants=>[], :handlers=>[:raw, :erb, :html, :builder, :ruby]}.

Searched in:
  * "/Users/appacademy/Documents/W7D2/MusicApp/app/views"

Did you mean?  session/new
               users/new
               users/show
               layouts/application):
  
app/controllers/sessions_controller.rb:4:in `new'
Started GET "/session/new" for ::1 at 2022-11-15 15:23:56 -0800
Processing by SessionsController#new as HTML
Completed 500 Internal Server Error in 2ms (ActiveRecord: 0.0ms | Allocations: 421)


  
ActionView::MissingTemplate (Missing template sessions/new, application/new with {:locale=>[:en], :formats=>[:html], :variants=>[], :handlers=>[:raw, :erb, :html, :builder, :ruby]}.

Searched in:
  * "/Users/appacademy/Documents/W7D2/MusicApp/app/views"

Did you mean?  session/new
               users/new
               users/show
               layouts/application):
  
app/controllers/sessions_controller.rb:4:in `new'
Started GET "/session/new" for ::1 at 2022-11-15 15:24:22 -0800
Processing by SessionsController#new as HTML
Completed 500 Internal Server Error in 4ms (ActiveRecord: 0.0ms | Allocations: 323)


  
ActionView::MissingTemplate (Missing template sessions/new, application/new with {:locale=>[:en], :formats=>[:html], :variants=>[], :handlers=>[:raw, :erb, :html, :builder, :ruby]}.

Searched in:
  * "/Users/appacademy/Documents/W7D2/MusicApp/app/views"
):
  
app/controllers/sessions_controller.rb:4:in `new'
  [1m[35m (0.3ms)[0m  [1m[34mSELECT pg_try_advisory_lock(1555902080779534005)[0m
  [1m[36mActiveRecord::SchemaMigration Pluck (1.0ms)[0m  [1m[34mSELECT "schema_migrations"."version" FROM "schema_migrations" ORDER BY "schema_migrations"."version" ASC[0m
Migrating to CreateBands (20221115232915)
  [1m[36mTRANSACTION (0.5ms)[0m  [1m[35mBEGIN[0m
  [1m[35m (45.6ms)[0m  [1m[35mCREATE TABLE "bands" ("id" bigserial primary key, "name" character varying NOT NULL, "created_at" timestamp(6) NOT NULL, "updated_at" timestamp(6) NOT NULL)[0m
  [1m[35m (1.2ms)[0m  [1m[35mCREATE INDEX "index_bands_on_name" ON "bands" ("name")[0m
  [1m[36mActiveRecord::SchemaMigration Create (0.5ms)[0m  [1m[32mINSERT INTO "schema_migrations" ("version") VALUES ($1) RETURNING "version"[0m  [["version", "20221115232915"]]
  [1m[36mTRANSACTION (13.0ms)[0m  [1m[35mCOMMIT[0m
  [1m[36mActiveRecord::InternalMetadata Load (0.5ms)[0m  [1m[34mSELECT "ar_internal_metadata".* FROM "ar_internal_metadata" WHERE "ar_internal_metadata"."key" = $1 LIMIT $2[0m  [["key", "environment"], ["LIMIT", 1]]
  [1m[35m (0.4ms)[0m  [1m[34mSELECT pg_advisory_unlock(1555902080779534005)[0m
  [1m[36mActiveRecord::SchemaMigration Pluck (0.7ms)[0m  [1m[34mSELECT "schema_migrations"."version" FROM "schema_migrations" ORDER BY "schema_migrations"."version" ASC[0m
Started GET "/session/new" for ::1 at 2022-11-15 15:34:54 -0800
  [1m[36mActiveRecord::SchemaMigration Pluck (1.1ms)[0m  [1m[34mSELECT "schema_migrations"."version" FROM "schema_migrations" ORDER BY "schema_migrations"."version" ASC[0m
Processing by SessionsController#new as HTML
Completed 500 Internal Server Error in 4ms (ActiveRecord: 0.0ms | Allocations: 681)


  
ActionView::MissingTemplate (Missing template sessions/new, application/new with {:locale=>[:en], :formats=>[:html], :variants=>[], :handlers=>[:raw, :erb, :html, :builder, :ruby]}.

Searched in:
  * "/Users/appacademy/Documents/W7D2/MusicApp/app/views"
):
  
app/controllers/sessions_controller.rb:4:in `new'
Started GET "/session/new" for ::1 at 2022-11-15 15:36:03 -0800
  [1m[36mActiveRecord::SchemaMigration Pluck (0.8ms)[0m  [1m[34mSELECT "schema_migrations"."version" FROM "schema_migrations" ORDER BY "schema_migrations"."version" ASC[0m
Processing by SessionsController#new as HTML
  Rendering layout layouts/application.html.erb
  Rendering sessions/new.html.erb within layouts/application
  Rendered sessions/new.html.erb within layouts/application (Duration: 4.4ms | Allocations: 528)
  Rendered layout layouts/application.html.erb (Duration: 26.7ms | Allocations: 4070)
Completed 200 OK in 46ms (Views: 45.0ms | ActiveRecord: 0.0ms | Allocations: 6644)


